{
  "stats": {
    "suites": 1,
    "tests": 2,
    "passes": 1,
    "pending": 0,
    "failures": 1,
    "start": "2022-04-18T16:16:46.312Z",
    "end": "2022-04-18T16:16:52.292Z",
    "duration": 5980,
    "testsRegistered": 2,
    "passPercent": 50,
    "pendingPercent": 0,
    "other": 0,
    "hasOther": false,
    "skipped": 0,
    "hasSkipped": false
  },
  "results": [
    {
      "uuid": "4d4d196e-d313-437c-94da-07b4f35e2c48",
      "title": "",
      "fullFile": "cypress/integration/e2e/index/dashboard.spec.ts",
      "file": "cypress/integration/e2e/index/dashboard.spec.ts",
      "beforeHooks": [],
      "afterHooks": [],
      "tests": [],
      "suites": [
        {
          "uuid": "bb472f1d-7f33-4b9f-af6c-5baa41b2d605",
          "title": "dashboard test",
          "fullFile": "",
          "file": "",
          "beforeHooks": [],
          "afterHooks": [],
          "tests": [
            {
              "title": "login",
              "fullTitle": "dashboard test login",
              "timedOut": null,
              "duration": 2478,
              "state": "passed",
              "speed": "fast",
              "pass": true,
              "fail": false,
              "pending": false,
              "context": null,
              "code": "cy.visit(\"/\", { timeout: 1000 * 30 });\ncy.wait(1000);\ncy.get(\"#userNameInput\").type(\"mlkyeung\");\ncy.get(\"#passwordInput\").type(\"Ken80248\");\ncy.get(\"#submitButton\").click();\ncy.get(\"a#allow\").click();\ncy.login();\ncy.getCookies().then((cookies) => {\n    cookies.forEach((cookie) => cy.log(cookie.name));\n});\n// cy.clearCookies();\n// cy.visit(\"/\");",
              "err": {},
              "uuid": "e0debfa8-2e4a-4196-b194-62071fa371d6",
              "parentUUID": "bb472f1d-7f33-4b9f-af6c-5baa41b2d605",
              "isHook": false,
              "skipped": false
            },
            {
              "title": "list cookies",
              "fullTitle": "dashboard test list cookies",
              "timedOut": null,
              "duration": 302,
              "state": "failed",
              "speed": null,
              "pass": false,
              "fail": true,
              "pending": false,
              "context": null,
              "code": "const shouldHave = [\"appSession\", \"sub\", \"email\"];\ncy.getCookies().then((cookies) => {\n    // ensure that the cookies contains all should have\n    expect(cookies.map((c) => c.name)).to.include.members(shouldHave);\n});",
              "err": {
                "message": "AssertionError: expected [] to be a superset of [ 'appSession', 'sub', 'email' ]",
                "estack": "AssertionError: expected [] to be a superset of [ 'appSession', 'sub', 'email' ]\n    at Context.eval (https://cas.ust.hk/__cypress/tests?p=cypress/integration/e2e/index/dashboard.spec.ts:129:59)",
                "diff": "- []\n+ [ 'appSession', 'sub', 'email' ]\n"
              },
              "uuid": "f0d1e87d-6f0c-42f9-9fb1-5a9125a44786",
              "parentUUID": "bb472f1d-7f33-4b9f-af6c-5baa41b2d605",
              "isHook": false,
              "skipped": false
            }
          ],
          "suites": [],
          "passes": [
            "e0debfa8-2e4a-4196-b194-62071fa371d6"
          ],
          "failures": [
            "f0d1e87d-6f0c-42f9-9fb1-5a9125a44786"
          ],
          "pending": [],
          "skipped": [],
          "duration": 2780,
          "root": false,
          "rootEmpty": false,
          "_timeout": 2000
        }
      ],
      "passes": [],
      "failures": [],
      "pending": [],
      "skipped": [],
      "duration": 0,
      "root": true,
      "rootEmpty": true,
      "_timeout": 2000
    }
  ],
  "meta": {
    "mocha": {
      "version": "7.0.1"
    },
    "mochawesome": {
      "options": {
        "quiet": false,
        "reportFilename": "mochawesome",
        "saveHtml": false,
        "saveJson": true,
        "consoleReporter": "spec",
        "useInlineDiffs": false,
        "code": true
      },
      "version": "7.1.3"
    },
    "marge": {
      "options": {
        "reportDir": "cypress/reports/",
        "overwrite": false,
        "json": true,
        "html": false
      },
      "version": "6.2.0"
    }
  }
}