{
  "stats": {
    "suites": 1,
    "tests": 2,
    "passes": 0,
    "pending": 0,
    "failures": 2,
    "start": "2022-04-16T03:46:01.976Z",
    "end": "2022-04-16T03:46:24.401Z",
    "duration": 22425,
    "testsRegistered": 2,
    "passPercent": 0,
    "pendingPercent": 0,
    "other": 0,
    "hasOther": false,
    "skipped": 0,
    "hasSkipped": false
  },
  "results": [
    {
      "uuid": "3b2d02d8-8620-40e6-858e-c9991c91c3a4",
      "title": "",
      "fullFile": "cypress/integration/e2e/index/dashboard.spec.ts",
      "file": "cypress/integration/e2e/index/dashboard.spec.ts",
      "beforeHooks": [],
      "afterHooks": [],
      "tests": [],
      "suites": [
        {
          "uuid": "3f3c2265-5baf-4212-a9b3-8642baa37f64",
          "title": "dashboard test",
          "fullFile": "",
          "file": "",
          "beforeHooks": [],
          "afterHooks": [],
          "tests": [
            {
              "title": "list cookies",
              "fullTitle": "dashboard test list cookies",
              "timedOut": null,
              "duration": 4689,
              "state": "failed",
              "speed": null,
              "pass": false,
              "fail": true,
              "pending": false,
              "context": null,
              "code": "const shouldHave = [\"appSession\", \"sub\", \"email\"];\ncy.getCookies().then((cookies) => {\n    // ensure that the cookies contains all should have\n    expect(cookies.map((c) => c.name)).to.include.members(shouldHave);\n});",
              "err": {
                "message": "AssertionError: expected [ 'JSESSIONID' ] to be a superset of [ 'appSession', 'sub', 'email' ]",
                "estack": "AssertionError: expected [ 'JSESSIONID' ] to be a superset of [ 'appSession', 'sub', 'email' ]\n    at Context.eval (https://cas.ust.hk/__cypress/tests?p=cypress/integration/e2e/index/dashboard.spec.ts:117:59)",
                "diff": "- [ 'JSESSIONID' ]\n+ [ 'appSession', 'sub', 'email' ]\n"
              },
              "uuid": "2791742f-6c28-4f36-b8b5-67cc318e34e3",
              "parentUUID": "3f3c2265-5baf-4212-a9b3-8642baa37f64",
              "isHook": false,
              "skipped": false
            },
            {
              "title": "check topbar",
              "fullTitle": "dashboard test check topbar",
              "timedOut": null,
              "duration": 10451,
              "state": "failed",
              "speed": null,
              "pass": false,
              "fail": true,
              "pending": false,
              "context": null,
              "code": "// user menu button\ncy.get(\"#topbar #action-bar .usermenu\", { timeout: 10000 }).click();\ncy.get('a[href*=\"/logout\"]');\n// message alarm button\ncy.get(\"#topbar #action-bar [title='Notification']\").click();\ncy.get(\".notification-popover\");\n// help doc btn\ncy.get(\"#help_doc_btn\");\n// change theme btn\nlet darkTheme;\ncy.get(\"body\").then((el) => {\n    darkTheme = el[0].classList.contains(\"dark\");\n});\nlet themeBtn = cy.get(\"#change_theme_btn\");\nthemeBtn.click();\ncy.get(\"body\").should((el) => {\n    let darkTheme2 = el[0].classList.contains(\"dark\");\n    expect(darkTheme2).to.not.equal(darkTheme);\n});\n// change back the theme\nthemeBtn.click();",
              "err": {
                "message": "AssertionError: Timed out retrying after 10000ms: Expected to find element: `#topbar #action-bar .usermenu`, but never found it.",
                "estack": "AssertionError: Timed out retrying after 10000ms: Expected to find element: `#topbar #action-bar .usermenu`, but never found it.\n    at Context.eval (https://cas.ust.hk/__cypress/tests?p=cypress/integration/e2e/index/dashboard.spec.ts:122:12)",
                "diff": null
              },
              "uuid": "1bab18ad-88c1-476d-843a-d2058b62acef",
              "parentUUID": "3f3c2265-5baf-4212-a9b3-8642baa37f64",
              "isHook": false,
              "skipped": false
            }
          ],
          "suites": [],
          "passes": [],
          "failures": [
            "2791742f-6c28-4f36-b8b5-67cc318e34e3",
            "1bab18ad-88c1-476d-843a-d2058b62acef"
          ],
          "pending": [],
          "skipped": [],
          "duration": 15140,
          "root": false,
          "rootEmpty": false,
          "_timeout": 2000
        }
      ],
      "passes": [],
      "failures": [],
      "pending": [],
      "skipped": [],
      "duration": 0,
      "root": true,
      "rootEmpty": true,
      "_timeout": 2000
    }
  ],
  "meta": {
    "mocha": {
      "version": "7.0.1"
    },
    "mochawesome": {
      "options": {
        "quiet": false,
        "reportFilename": "mochawesome",
        "saveHtml": false,
        "saveJson": true,
        "consoleReporter": "spec",
        "useInlineDiffs": false,
        "code": true
      },
      "version": "7.1.3"
    },
    "marge": {
      "options": {
        "reportDir": "cypress/reports/",
        "overwrite": false,
        "json": true,
        "html": false
      },
      "version": "6.2.0"
    }
  }
}