{
  "stats": {
    "suites": 1,
    "tests": 1,
    "passes": 0,
    "pending": 0,
    "failures": 1,
    "start": "2022-04-16T04:00:27.892Z",
    "end": "2022-04-16T04:00:28.351Z",
    "duration": 459,
    "testsRegistered": 2,
    "passPercent": 0,
    "pendingPercent": 0,
    "other": 0,
    "hasOther": false,
    "skipped": 1,
    "hasSkipped": true
  },
  "results": [
    {
      "uuid": "e626c02c-1970-4d5b-a059-712773ae02e3",
      "title": "",
      "fullFile": "cypress/integration/e2e/index/dashboard.spec.ts",
      "file": "cypress/integration/e2e/index/dashboard.spec.ts",
      "beforeHooks": [],
      "afterHooks": [],
      "tests": [],
      "suites": [
        {
          "uuid": "0697d28d-4d5a-4c80-a980-b0b89e79e923",
          "title": "dashboard test",
          "fullFile": "",
          "file": "",
          "beforeHooks": [],
          "afterHooks": [],
          "tests": [
            {
              "title": "list cookies",
              "fullTitle": "dashboard test list cookies",
              "timedOut": null,
              "duration": 393,
              "state": "failed",
              "speed": null,
              "pass": false,
              "fail": true,
              "pending": false,
              "context": null,
              "code": "const shouldHave = [\"appSession\", \"sub\", \"email\"];\ncy.getCookies().then((cookies) => {\n    // ensure that the cookies contains all should have\n    expect(cookies.map((c) => c.name)).to.include.members(shouldHave);\n});",
              "err": {
                "message": "AssertionError: expected 200 to equal 302\n\nBecause this error occurred during a `before all` hook we are skipping the remaining tests in the current suite: `dashboard test`",
                "estack": "AssertionError: expected 200 to equal 302\n\nBecause this error occurred during a `before all` hook we are skipping the remaining tests in the current suite: `dashboard test`\n    at Context.eval (https://codespace.ust.dev/__cypress/tests?p=cypress/support/index.ts:181:29)",
                "diff": "- '200'\n+ '302'\n"
              },
              "uuid": "fd61e6a4-be4e-4d95-8646-a27ef0bda4e2",
              "parentUUID": "0697d28d-4d5a-4c80-a980-b0b89e79e923",
              "isHook": false,
              "skipped": false
            },
            {
              "title": "check topbar",
              "fullTitle": "dashboard test check topbar",
              "timedOut": null,
              "duration": 0,
              "state": "skipped",
              "speed": null,
              "pass": false,
              "fail": false,
              "pending": false,
              "context": null,
              "code": "// user menu button\ncy.get(\"#topbar #action-bar .usermenu\", { timeout: 10000 }).click();\ncy.get('a[href*=\"/logout\"]');\n// message alarm button\ncy.get(\"#topbar #action-bar [title='Notification']\").click();\ncy.get(\".notification-popover\");\n// help doc btn\ncy.get(\"#help_doc_btn\");\n// change theme btn\nlet darkTheme;\ncy.get(\"body\").then((el) => {\n    darkTheme = el[0].classList.contains(\"dark\");\n});\nlet themeBtn = cy.get(\"#change_theme_btn\");\nthemeBtn.click();\ncy.get(\"body\").should((el) => {\n    let darkTheme2 = el[0].classList.contains(\"dark\");\n    expect(darkTheme2).to.not.equal(darkTheme);\n});\n// change back the theme\nthemeBtn.click();",
              "err": {},
              "uuid": "c3be5589-7c9e-4d86-ab4c-686391d966e5",
              "parentUUID": "0697d28d-4d5a-4c80-a980-b0b89e79e923",
              "isHook": false,
              "skipped": true
            }
          ],
          "suites": [],
          "passes": [],
          "failures": [
            "fd61e6a4-be4e-4d95-8646-a27ef0bda4e2"
          ],
          "pending": [],
          "skipped": [
            "c3be5589-7c9e-4d86-ab4c-686391d966e5"
          ],
          "duration": 393,
          "root": false,
          "rootEmpty": false,
          "_timeout": 2000
        }
      ],
      "passes": [],
      "failures": [],
      "pending": [],
      "skipped": [],
      "duration": 0,
      "root": true,
      "rootEmpty": true,
      "_timeout": 2000
    }
  ],
  "meta": {
    "mocha": {
      "version": "7.0.1"
    },
    "mochawesome": {
      "options": {
        "quiet": false,
        "reportFilename": "mochawesome",
        "saveHtml": false,
        "saveJson": true,
        "consoleReporter": "spec",
        "useInlineDiffs": false,
        "code": true
      },
      "version": "7.1.3"
    },
    "marge": {
      "options": {
        "reportDir": "cypress/reports/",
        "overwrite": false,
        "json": true,
        "html": false
      },
      "version": "6.2.0"
    }
  }
}