{
  "stats": {
    "suites": 1,
    "tests": 2,
    "passes": 0,
    "pending": 0,
    "failures": 2,
    "start": "2022-04-16T03:42:33.880Z",
    "end": "2022-04-16T03:42:36.519Z",
    "duration": 2639,
    "testsRegistered": 2,
    "passPercent": 0,
    "pendingPercent": 0,
    "other": -1,
    "hasOther": false,
    "skipped": 1,
    "hasSkipped": true
  },
  "results": [
    {
      "uuid": "c624ddd4-19ad-4815-9bff-8201f0a21076",
      "title": "",
      "fullFile": "cypress/integration/e2e/index/dashboard.spec.ts",
      "file": "cypress/integration/e2e/index/dashboard.spec.ts",
      "beforeHooks": [],
      "afterHooks": [],
      "tests": [],
      "suites": [
        {
          "uuid": "2a4a0683-3cb0-4ddd-b7af-cfd16117c0b5",
          "title": "dashboard test",
          "fullFile": "",
          "file": "",
          "beforeHooks": [],
          "afterHooks": [],
          "tests": [
            {
              "title": "list cookies",
              "fullTitle": "dashboard test list cookies",
              "timedOut": null,
              "duration": 184,
              "state": "failed",
              "speed": null,
              "pass": false,
              "fail": true,
              "pending": false,
              "context": null,
              "code": "const shouldHave = [\"appSession\", \"sub\", \"email\"];\ncy.getCookies().then((cookies) => {\n    // ensure that the cookies contains all should have\n    expect(cookies.map((c) => c.name)).to.include.members(shouldHave);\n});",
              "err": {
                "message": "CypressError: `cy.visit()` failed because you are attempting to visit a URL that is of a different origin.\n\nThe new URL is considered a different origin because the following parts of the URL are different:\n\n  > superdomain\n\nYou may only `cy.visit()` same-origin URLs within a single test.\n\nThe previous URL you visited was:\n\n  > 'https://cas.ust.hk'\n\nYou're attempting to visit this URL:\n\n  > 'https://codespace.ust.dev'\n\nYou may need to restructure some of your test code to avoid this problem.\n\nhttps://on.cypress.io/cannot-visit-different-origin-domain\n\nBecause this error occurred during a `before each` hook we are skipping the remaining tests in the current suite: `dashboard test`",
                "estack": "CypressError: `cy.visit()` failed because you are attempting to visit a URL that is of a different origin.\n\nThe new URL is considered a different origin because the following parts of the URL are different:\n\n  > superdomain\n\nYou may only `cy.visit()` same-origin URLs within a single test.\n\nThe previous URL you visited was:\n\n  > 'https://cas.ust.hk'\n\nYou're attempting to visit this URL:\n\n  > 'https://codespace.ust.dev'\n\nYou may need to restructure some of your test code to avoid this problem.\n\nhttps://on.cypress.io/cannot-visit-different-origin-domain\n\nBecause this error occurred during a `before each` hook we are skipping the remaining tests in the current suite: `dashboard test`\n    at cannotVisitDifferentOrigin (https://cas.ust.hk/__cypress/runner/cypress_runner.js:158308:72)\n    at go (https://cas.ust.hk/__cypress/runner/cypress_runner.js:159135:18)\n    at visit (https://cas.ust.hk/__cypress/runner/cypress_runner.js:159325:16)\n    at Context.visit (https://cas.ust.hk/__cypress/runner/cypress_runner.js:159328:14)\nFrom Your Spec Code:\n    at Context.eval (https://cas.ust.hk/__cypress/tests?p=cypress/integration/e2e/index/dashboard.spec.ts:120:13)",
                "diff": null
              },
              "uuid": "1951baa9-4a71-4afe-9549-1c2bd5433b58",
              "parentUUID": "2a4a0683-3cb0-4ddd-b7af-cfd16117c0b5",
              "isHook": false,
              "skipped": false
            },
            {
              "title": "check topbar",
              "fullTitle": "dashboard test check topbar",
              "timedOut": null,
              "duration": 0,
              "state": "skipped",
              "speed": null,
              "pass": false,
              "fail": false,
              "pending": false,
              "context": null,
              "code": "// user menu button\ncy.get(\"#topbar #action-bar .usermenu\", { timeout: 10000 }).click();\ncy.get('a[href*=\"/logout\"]');\n// message alarm button\ncy.get(\"#topbar #action-bar [title='Notification']\").click();\ncy.get(\".notification-popover\");\n// help doc btn\ncy.get(\"#help_doc_btn\");\n// change theme btn\nlet darkTheme;\ncy.get(\"body\").then((el) => {\n    darkTheme = el[0].classList.contains(\"dark\");\n});\nlet themeBtn = cy.get(\"#change_theme_btn\");\nthemeBtn.click();\ncy.get(\"body\").should((el) => {\n    let darkTheme2 = el[0].classList.contains(\"dark\");\n    expect(darkTheme2).to.not.equal(darkTheme);\n});\n// change back the theme\nthemeBtn.click();",
              "err": {},
              "uuid": "1cc825bd-e9af-4be2-8faa-0b984ab16129",
              "parentUUID": "2a4a0683-3cb0-4ddd-b7af-cfd16117c0b5",
              "isHook": false,
              "skipped": true
            }
          ],
          "suites": [],
          "passes": [],
          "failures": [
            "1951baa9-4a71-4afe-9549-1c2bd5433b58"
          ],
          "pending": [],
          "skipped": [
            "1cc825bd-e9af-4be2-8faa-0b984ab16129"
          ],
          "duration": 184,
          "root": false,
          "rootEmpty": false,
          "_timeout": 2000
        }
      ],
      "passes": [],
      "failures": [],
      "pending": [],
      "skipped": [],
      "duration": 0,
      "root": true,
      "rootEmpty": true,
      "_timeout": 2000
    }
  ],
  "meta": {
    "mocha": {
      "version": "7.0.1"
    },
    "mochawesome": {
      "options": {
        "quiet": false,
        "reportFilename": "mochawesome",
        "saveHtml": false,
        "saveJson": true,
        "consoleReporter": "spec",
        "useInlineDiffs": false,
        "code": true
      },
      "version": "7.1.3"
    },
    "marge": {
      "options": {
        "reportDir": "cypress/reports/",
        "overwrite": false,
        "json": true,
        "html": false
      },
      "version": "6.2.0"
    }
  }
}